[tale] 2017-03-15 16:12:23,262 INFO  [main] org.eclipse.jetty.util.log | Logging initialized @6124ms to org.eclipse.jetty.util.log.Slf4jLog
[tale] 2017-03-15 16:12:24,630 INFO  [main] org.eclipse.jetty.server.Server | jetty-9.4.0.v20161208
[tale] 2017-03-15 16:12:25,259 INFO  [main] org.eclipse.jetty.webapp.StandardDescriptorProcessor | NO JSP Support for /, did not find org.eclipse.jetty.jsp.JettyJspServlet
[tale] 2017-03-15 16:12:25,283 INFO  [main] org.eclipse.jetty.server.session | DefaultSessionIdManager workerName=node0
[tale] 2017-03-15 16:12:25,283 INFO  [main] org.eclipse.jetty.server.session | No SessionScavenger set, using defaults
[tale] 2017-03-15 16:12:25,288 INFO  [main] org.eclipse.jetty.server.session | Scavenging every 600000ms
[tale] 2017-03-15 16:12:25,317 INFO  [main] com.blade.mvc.context.BladeInitListener | jdk.version	=> 1.8.0_40
[tale] 2017-03-15 16:12:25,317 INFO  [main] com.blade.mvc.context.BladeInitListener | user.dir		=> G:\git\tale
[tale] 2017-03-15 16:12:25,317 INFO  [main] com.blade.mvc.context.BladeInitListener | java.io.tmpdir	=> C:\Users\think\AppData\Local\Temp\
[tale] 2017-03-15 16:12:25,317 INFO  [main] com.blade.mvc.context.BladeInitListener | user.timezone	=> Asia/Shanghai
[tale] 2017-03-15 16:12:25,317 INFO  [main] com.blade.mvc.context.BladeInitListener | file.encoding	=> UTF-8
[tale] 2017-03-15 16:12:25,340 INFO  [main] com.blade.mvc.context.BladeInitListener | blade.webroot	=> G:\git\tale\target\classes
[tale] 2017-03-15 16:12:25,559 INFO  [main] com.blade.mvc.route.Routers | Add Route => GET	/install
[tale] 2017-03-15 16:12:25,559 INFO  [main] com.blade.mvc.route.Routers | Add Route => POST	/install/conn_test
[tale] 2017-03-15 16:12:25,559 INFO  [main] com.blade.mvc.route.Routers | Add Route => POST	/install
[tale] 2017-03-15 16:12:25,561 INFO  [main] com.blade.mvc.route.Routers | Add Route => GET	/admin/page
[tale] 2017-03-15 16:12:25,561 INFO  [main] com.blade.mvc.route.Routers | Add Route => ALL	/admin/page/delete
[tale] 2017-03-15 16:12:25,561 INFO  [main] com.blade.mvc.route.Routers | Add Route => POST	/admin/page/modify
[tale] 2017-03-15 16:12:25,561 INFO  [main] com.blade.mvc.route.Routers | Add Route => GET	/admin/page/new
[tale] 2017-03-15 16:12:25,561 INFO  [main] com.blade.mvc.route.Routers | Add Route => GET	/admin/page/:cid
[tale] 2017-03-15 16:12:25,562 INFO  [main] com.blade.mvc.route.Routers | Add Route => POST	/admin/page/publish
[tale] 2017-03-15 16:12:25,563 INFO  [main] com.blade.mvc.route.Routers | Add Route => GET	/admin/attach
[tale] 2017-03-15 16:12:25,563 INFO  [main] com.blade.mvc.route.Routers | Add Route => ALL	/admin/attach/delete
[tale] 2017-03-15 16:12:25,563 INFO  [main] com.blade.mvc.route.Routers | Add Route => POST	/admin/attach/upload
[tale] 2017-03-15 16:12:25,567 INFO  [main] com.blade.mvc.route.Routers | Add Route => GET	/admin/login
[tale] 2017-03-15 16:12:25,567 INFO  [main] com.blade.mvc.route.Routers | Add Route => POST	/admin/login
[tale] 2017-03-15 16:12:25,571 INFO  [main] com.blade.mvc.route.Routers | Add Route => GET	/admin
[tale] 2017-03-15 16:12:25,572 INFO  [main] com.blade.mvc.route.Routers | Add Route => GET	/admin/index
[tale] 2017-03-15 16:12:25,572 INFO  [main] com.blade.mvc.route.Routers | Add Route => GET	/admin/profile
[tale] 2017-03-15 16:12:25,572 INFO  [main] com.blade.mvc.route.Routers | Add Route => GET	/admin/setting
[tale] 2017-03-15 16:12:25,572 INFO  [main] com.blade.mvc.route.Routers | Add Route => POST	/admin/backup
[tale] 2017-03-15 16:12:25,572 INFO  [main] com.blade.mvc.route.Routers | Add Route => POST	/admin/advanced
[tale] 2017-03-15 16:12:25,572 INFO  [main] com.blade.mvc.route.Routers | Add Route => POST	/admin/setting
[tale] 2017-03-15 16:12:25,573 INFO  [main] com.blade.mvc.route.Routers | Add Route => POST	/admin/password
[tale] 2017-03-15 16:12:25,573 INFO  [main] com.blade.mvc.route.Routers | Add Route => GET	/admin/advanced
[tale] 2017-03-15 16:12:25,573 INFO  [main] com.blade.mvc.route.Routers | Add Route => POST	/admin/profile
[tale] 2017-03-15 16:12:25,574 INFO  [main] com.blade.mvc.route.Routers | Add Route => GET	/admin/category
[tale] 2017-03-15 16:12:25,574 INFO  [main] com.blade.mvc.route.Routers | Add Route => ALL	/admin/category/delete
[tale] 2017-03-15 16:12:25,575 INFO  [main] com.blade.mvc.route.Routers | Add Route => POST	/admin/category/save
[tale] 2017-03-15 16:12:25,576 INFO  [main] com.blade.mvc.route.Routers | Add Route => GET	/admin/links
[tale] 2017-03-15 16:12:25,577 INFO  [main] com.blade.mvc.route.Routers | Add Route => ALL	/admin/links/delete
[tale] 2017-03-15 16:12:25,577 INFO  [main] com.blade.mvc.route.Routers | Add Route => POST	/admin/links/save
[tale] 2017-03-15 16:12:25,579 INFO  [main] com.blade.mvc.route.Routers | Add Route => GET	/page/:p
[tale] 2017-03-15 16:12:25,579 INFO  [main] com.blade.mvc.route.Routers | Add Route => GET	/
[tale] 2017-03-15 16:12:25,579 INFO  [main] com.blade.mvc.route.Routers | Add Route => GET	/search/:keyword/:page
[tale] 2017-03-15 16:12:25,580 INFO  [main] com.blade.mvc.route.Routers | Add Route => GET	/search/:keyword
[tale] 2017-03-15 16:12:25,580 INFO  [main] com.blade.mvc.route.Routers | Add Route => POST	/comment
[tale] 2017-03-15 16:12:25,580 INFO  [main] com.blade.mvc.route.Routers | Add Route => GET	/tag/:name
[tale] 2017-03-15 16:12:25,580 INFO  [main] com.blade.mvc.route.Routers | Add Route => GET	/tag/:name/:page
[tale] 2017-03-15 16:12:25,580 INFO  [main] com.blade.mvc.route.Routers | Add Route => GET	/article/:cid
[tale] 2017-03-15 16:12:25,580 INFO  [main] com.blade.mvc.route.Routers | Add Route => ALL	/logout
[tale] 2017-03-15 16:12:25,581 INFO  [main] com.blade.mvc.route.Routers | Add Route => GET	/archives
[tale] 2017-03-15 16:12:25,581 INFO  [main] com.blade.mvc.route.Routers | Add Route => GET	/feed
[tale] 2017-03-15 16:12:25,581 INFO  [main] com.blade.mvc.route.Routers | Add Route => GET	/feed.xml
[tale] 2017-03-15 16:12:25,581 INFO  [main] com.blade.mvc.route.Routers | Add Route => GET	/:pagename
[tale] 2017-03-15 16:12:25,581 INFO  [main] com.blade.mvc.route.Routers | Add Route => GET	/category/:keyword
[tale] 2017-03-15 16:12:25,581 INFO  [main] com.blade.mvc.route.Routers | Add Route => GET	/category/:keyword/:page
[tale] 2017-03-15 16:12:25,581 INFO  [main] com.blade.mvc.route.Routers | Add Route => GET	/links
[tale] 2017-03-15 16:12:25,583 INFO  [main] com.blade.mvc.route.Routers | Add Route => GET	/admin/comments
[tale] 2017-03-15 16:12:25,583 INFO  [main] com.blade.mvc.route.Routers | Add Route => POST	/admin/comments/delete
[tale] 2017-03-15 16:12:25,583 INFO  [main] com.blade.mvc.route.Routers | Add Route => POST	/admin/comments/status
[tale] 2017-03-15 16:12:25,583 INFO  [main] com.blade.mvc.route.Routers | Add Route => POST	/admin/comments
[tale] 2017-03-15 16:12:25,585 INFO  [main] com.blade.mvc.route.Routers | Add Route => GET	/admin/article
[tale] 2017-03-15 16:12:25,585 INFO  [main] com.blade.mvc.route.Routers | Add Route => ALL	/admin/article/delete
[tale] 2017-03-15 16:12:25,586 INFO  [main] com.blade.mvc.route.Routers | Add Route => POST	/admin/article/publish
[tale] 2017-03-15 16:12:25,586 INFO  [main] com.blade.mvc.route.Routers | Add Route => GET	/admin/article/publish
[tale] 2017-03-15 16:12:25,586 INFO  [main] com.blade.mvc.route.Routers | Add Route => GET	/admin/article/:cid
[tale] 2017-03-15 16:12:25,586 INFO  [main] com.blade.mvc.route.Routers | Add Route => POST	/admin/article/modify
[tale] 2017-03-15 16:12:25,682 INFO  [main] com.blade.mvc.route.Routers | Add Interceptor: BEFORE	/.*
[tale] 2017-03-15 16:12:25,682 INFO  [main] com.blade.mvc.route.Routers | Add Interceptor: AFTER	/.*
[tale] 2017-03-15 16:12:25,883 WARN  [main] com.blade.ioc.Ioc | Duplicated Bean: com.tale.init.WebContext
[tale] 2017-03-15 16:12:26,229 INFO  [main] com.blade.ioc.IocApplication | Add Object: [com.tale.controller.admin.AuthController@47987356, com.tale.controller.admin.AttachController@22ef9844, com.tale.controller.IndexController@6283d8b8, com.tale.service.impl.AttachServiceImpl@3b6ddd1d, com.tale.controller.admin.IndexController@3f6b0be5, com.tale.controller.admin.CommentController@611889f4, com.tale.interceptor.BaseInterceptor@1da2cb77, com.tale.service.impl.UsersServiceImpl@48f278eb, com.tale.init.WebContext@2f217633, com.tale.controller.admin.LinksController@a530d0a, com.tale.service.impl.SiteServiceImpl@1a18644, com.tale.init.WebContext@5acf93bb, com.tale.service.impl.ContentsServiceImpl@7e7be63f, com.tale.service.impl.SiteServiceImpl@1a18644, com.tale.service.impl.OptionsServiceImpl@6cd28fa7, com.blade.jdbc.ar.SampleActiveRecord@614ca7df, com.tale.service.impl.AttachServiceImpl@3b6ddd1d, com.tale.service.impl.UsersServiceImpl@48f278eb, com.tale.controller.admin.CategoryController@4738a206, com.tale.service.impl.CommentsServiceImpl@66d3eec0, com.tale.service.impl.CommentsServiceImpl@66d3eec0, com.tale.controller.admin.PageController@1e04fa0a, com.tale.service.impl.MetasServiceImpl@1af2d44a, com.tale.controller.InstallController@18d87d80, com.tale.interceptor.BaseInterceptor@1da2cb77, com.tale.service.impl.ContentsServiceImpl@7e7be63f, com.tale.service.impl.LogServiceImpl@618425b5, com.tale.service.impl.MetasServiceImpl@1af2d44a, com.tale.service.impl.OptionsServiceImpl@6cd28fa7, com.tale.controller.admin.ArticleController@58695725, com.tale.service.impl.LogServiceImpl@618425b5, com.tale.init.WebContext@5acf93bb, com.blade.jdbc.ar.SampleActiveRecord@614ca7df]
[tale] 2017-03-15 16:12:26,336 INFO  [main] com.blade.mvc.context.BladeInitListener | blade.isDev	=> false
[tale] 2017-03-15 16:12:26,338 INFO  [main] com.blade.mvc.context.BladeInitListener | Tale (塌了) initialize successfully, Time elapsed: 1021 ms.
[tale] 2017-03-15 16:12:26,448 INFO  [main] jetbrick.template.JetEngineImpl | JetEngine.version = 2.1.2
[tale] 2017-03-15 16:12:26,448 INFO  [main] jetbrick.template.JetEngineImpl | JetEngine.loader = jetbrick.template.loader.ClasspathResourceLoader, root = /templates/, reload = true
[tale] 2017-03-15 16:12:26,483 INFO  [main] jetbrick.template.resolver.clazz.ClassResolver | import package: java.lang.*
[tale] 2017-03-15 16:12:26,483 INFO  [main] jetbrick.template.resolver.clazz.ClassResolver | import package: java.util.*
[tale] 2017-03-15 16:12:26,485 INFO  [main] jetbrick.template.resolver.method.MethodInvokerResolver | import 29 methods from class jetbrick.template.runtime.buildin.JetMethods
[tale] 2017-03-15 16:12:26,490 INFO  [main] jetbrick.template.resolver.function.FunctionInvokerResolver | import 11 functions from class jetbrick.template.runtime.buildin.JetFunctions
[tale] 2017-03-15 16:12:26,494 INFO  [main] jetbrick.template.resolver.tag.TagInvokerResolver | import 2 tags from class jetbrick.template.runtime.buildin.JetTags
[tale] 2017-03-15 16:12:26,560 INFO  [main] jetbrick.template.JetTemplateImpl | Loading template: /comm/macros.html
[tale] 2017-03-15 16:12:26,951 INFO  [main] jetbrick.template.resolver.function.FunctionInvokerResolver | import 18 functions from class com.tale.ext.Commons
[tale] 2017-03-15 16:12:26,962 INFO  [main] jetbrick.template.resolver.function.FunctionInvokerResolver | import 41 functions from class com.tale.ext.Theme
[tale] 2017-03-15 16:12:26,977 INFO  [main] jetbrick.template.resolver.function.FunctionInvokerResolver | import 2 functions from class com.tale.ext.AdminCommons
[tale] 2017-03-15 16:12:26,985 INFO  [main] jetbrick.template.resolver.tag.TagInvokerResolver | import 1 tags from class com.tale.ext.JetTag
[tale] 2017-03-15 16:12:30,492 INFO  [main] com.alibaba.druid.pool.DruidDataSource | {dataSource-1} inited
[tale] 2017-03-15 16:12:30,613 DEBUG [main] org.sql2o.Query | Executing query:
select description,name,value from t_options order by name desc
[tale] 2017-03-15 16:12:30,752 DEBUG [main] org.sql2o.Query | total: 139 ms, execution: 100 ms, reading and parsing: 39 ms; executed [null]
[tale] 2017-03-15 16:12:31,172 INFO  [main] com.blade.mvc.dispatch.AbsDispatcherServlet | init worker thread pool.
[tale] 2017-03-15 16:12:31,172 INFO  [main] org.eclipse.jetty.server.handler.ContextHandler | Started o.e.j.w.WebAppContext@69453e37{/,file:///G:/git/tale/target/classes/,AVAILABLE}
[tale] 2017-03-15 16:12:31,278 INFO  [main] org.eclipse.jetty.server.AbstractConnector | Started ServerConnector@3f4b4ef0{HTTP/1.1,[http/1.1]}{127.0.0.1:8080}
[tale] 2017-03-15 16:12:31,278 INFO  [main] org.eclipse.jetty.server.Server | Started @14145ms
[tale] 2017-03-15 16:12:31,278 INFO  [main] com.blade.embedd.EmbedJettyServer | Blade Server Listen on 127.0.0.1:8080
[tale] 2017-03-15 16:12:48,345 INFO  [blade-pool-57] com.blade.mvc.dispatch.DispatcherHandler | GET	/	HTTP/1.1
[tale] 2017-03-15 16:12:48,418 INFO  [blade-pool-57] com.tale.interceptor.BaseInterceptor | UserAgent: Mozilla/5.0 (Windows NT 10.0; Win64; x64) AppleWebKit/537.36 (KHTML, like Gecko) Chrome/56.0.2924.87 Safari/537.36
[tale] 2017-03-15 16:12:48,418 INFO  [blade-pool-57] com.tale.interceptor.BaseInterceptor | 用户访问地址: /, 来路地址: 127.0.0.1
[tale] 2017-03-15 16:12:48,583 DEBUG [blade-pool-57] org.sql2o.Query | Executing query:
select count(0) from (select allow_comment,allow_feed,allow_ping,author_id,categories,cid,comments_num,content,created,hits,modified,slug,status,tags,title,type from t_contents where type = ? and status = ?) tmp_count
[tale] 2017-03-15 16:12:48,584 DEBUG [blade-pool-57] org.sql2o.Query | Executing query:
select count(0) from (select allow_comment,allow_feed,allow_ping,author_id,categories,cid,comments_num,content,created,hits,modified,slug,status,tags,title,type from t_contents where type = ? and status = ?) tmp_count
[tale] 2017-03-15 16:12:48,634 DEBUG [blade-pool-57] org.sql2o.Query | total: 50 ms; executed scalar [No name]
[tale] 2017-03-15 16:12:48,644 DEBUG [blade-pool-57] org.sql2o.Query | Executing query:
select allow_comment,allow_feed,allow_ping,author_id,categories,cid,comments_num,content,created,hits,modified,slug,status,tags,title,type from t_contents where type = ? and status = ? order by created desc limit 0,12
[tale] 2017-03-15 16:12:48,899 DEBUG [blade-pool-57] org.sql2o.Query | total: 255 ms, execution: 244 ms, reading and parsing: 11 ms; executed [null]
[tale] 2017-03-15 16:12:48,931 INFO  [blade-pool-57] jetbrick.template.JetTemplateImpl | Loading template: themes/default/index.html
[tale] 2017-03-15 16:12:48,985 INFO  [blade-pool-57] jetbrick.template.JetTemplateImpl | Loading template: themes/default/header.html
[tale] 2017-03-15 16:12:50,624 INFO  [blade-pool-57] jetbrick.template.JetTemplateImpl | Loading template: themes/default/footer.html
[tale] 2017-03-15 16:12:50,641 DEBUG [blade-pool-57] org.sql2o.Query | Executing query:
select count(0) from (select allow_comment,allow_feed,allow_ping,author_id,categories,cid,comments_num,content,created,hits,modified,slug,status,tags,title,type from t_contents where status = ? and type = ?) tmp_count
[tale] 2017-03-15 16:12:50,641 DEBUG [blade-pool-57] org.sql2o.Query | Executing query:
select count(0) from (select allow_comment,allow_feed,allow_ping,author_id,categories,cid,comments_num,content,created,hits,modified,slug,status,tags,title,type from t_contents where status = ? and type = ?) tmp_count
[tale] 2017-03-15 16:12:50,687 DEBUG [blade-pool-57] org.sql2o.Query | total: 46 ms; executed scalar [No name]
[tale] 2017-03-15 16:12:50,688 DEBUG [blade-pool-57] org.sql2o.Query | Executing query:
select allow_comment,allow_feed,allow_ping,author_id,categories,cid,comments_num,content,created,hits,modified,slug,status,tags,title,type from t_contents where status = ? and type = ? order by created limit 0,8
[tale] 2017-03-15 16:12:50,889 DEBUG [blade-pool-57] org.sql2o.Query | total: 201 ms, execution: 197 ms, reading and parsing: 4 ms; executed [null]
[tale] 2017-03-15 16:12:50,914 DEBUG [blade-pool-57] org.sql2o.Query | Executing query:
select count(0) from (select agent,author,author_id,cid,coid,content,created,ip,mail,owner_id,parent,status,type,url from t_comments) tmp_count
[tale] 2017-03-15 16:12:50,914 DEBUG [blade-pool-57] org.sql2o.Query | Executing query:
select count(0) from (select agent,author,author_id,cid,coid,content,created,ip,mail,owner_id,parent,status,type,url from t_comments) tmp_count
[tale] 2017-03-15 16:12:50,958 DEBUG [blade-pool-57] org.sql2o.Query | total: 44 ms; executed scalar [No name]
[tale] 2017-03-15 16:12:50,966 DEBUG [blade-pool-57] org.sql2o.Query | Executing query:
select agent,author,author_id,cid,coid,content,created,ip,mail,owner_id,parent,status,type,url from t_comments order by created desc limit 0,8
[tale] 2017-03-15 16:12:51,014 DEBUG [blade-pool-57] org.sql2o.Query | total: 48 ms, execution: 44 ms, reading and parsing: 4 ms; executed [null]
[tale] 2017-03-15 16:29:16,323 INFO  [main] org.eclipse.jetty.util.log | Logging initialized @1170ms to org.eclipse.jetty.util.log.Slf4jLog
[tale] 2017-03-15 16:29:16,898 INFO  [main] org.eclipse.jetty.server.Server | jetty-9.4.0.v20161208
[tale] 2017-03-15 16:29:17,604 INFO  [main] org.eclipse.jetty.webapp.StandardDescriptorProcessor | NO JSP Support for /, did not find org.eclipse.jetty.jsp.JettyJspServlet
[tale] 2017-03-15 16:29:17,633 INFO  [main] org.eclipse.jetty.server.session | DefaultSessionIdManager workerName=node0
[tale] 2017-03-15 16:29:17,633 INFO  [main] org.eclipse.jetty.server.session | No SessionScavenger set, using defaults
[tale] 2017-03-15 16:29:17,734 INFO  [main] org.eclipse.jetty.server.session | Scavenging every 660000ms
[tale] 2017-03-15 16:29:17,761 INFO  [main] com.blade.mvc.context.BladeInitListener | jdk.version	=> 1.8.0_40
[tale] 2017-03-15 16:29:17,761 INFO  [main] com.blade.mvc.context.BladeInitListener | user.dir		=> G:\git\tale
[tale] 2017-03-15 16:29:17,761 INFO  [main] com.blade.mvc.context.BladeInitListener | java.io.tmpdir	=> C:\Users\think\AppData\Local\Temp\
[tale] 2017-03-15 16:29:17,761 INFO  [main] com.blade.mvc.context.BladeInitListener | user.timezone	=> Asia/Shanghai
[tale] 2017-03-15 16:29:17,762 INFO  [main] com.blade.mvc.context.BladeInitListener | file.encoding	=> UTF-8
[tale] 2017-03-15 16:29:17,768 INFO  [main] com.blade.mvc.context.BladeInitListener | blade.webroot	=> G:\git\tale\target\classes
[tale] 2017-03-15 16:29:17,949 INFO  [main] com.blade.mvc.route.Routers | Add Route => GET	/admin/article
[tale] 2017-03-15 16:29:17,975 INFO  [main] com.blade.mvc.route.Routers | Add Route => ALL	/admin/article/delete
[tale] 2017-03-15 16:29:17,976 INFO  [main] com.blade.mvc.route.Routers | Add Route => POST	/admin/article/publish
[tale] 2017-03-15 16:29:17,976 INFO  [main] com.blade.mvc.route.Routers | Add Route => GET	/admin/article/:cid
[tale] 2017-03-15 16:29:17,977 INFO  [main] com.blade.mvc.route.Routers | Add Route => POST	/admin/article/modify
[tale] 2017-03-15 16:29:17,978 INFO  [main] com.blade.mvc.route.Routers | Add Route => GET	/admin/article/publish
[tale] 2017-03-15 16:29:17,979 INFO  [main] com.blade.mvc.route.Routers | Add Route => GET	/admin/attach
[tale] 2017-03-15 16:29:17,979 INFO  [main] com.blade.mvc.route.Routers | Add Route => ALL	/admin/attach/delete
[tale] 2017-03-15 16:29:17,980 INFO  [main] com.blade.mvc.route.Routers | Add Route => POST	/admin/attach/upload
[tale] 2017-03-15 16:29:17,982 INFO  [main] com.blade.mvc.route.Routers | Add Route => GET	/admin/login
[tale] 2017-03-15 16:29:17,983 INFO  [main] com.blade.mvc.route.Routers | Add Route => POST	/admin/login
[tale] 2017-03-15 16:29:17,983 INFO  [main] com.blade.mvc.route.Routers | Add Route => GET	/admin
[tale] 2017-03-15 16:29:17,984 INFO  [main] com.blade.mvc.route.Routers | Add Route => GET	/admin/index
[tale] 2017-03-15 16:29:17,985 INFO  [main] com.blade.mvc.route.Routers | Add Route => GET	/admin/profile
[tale] 2017-03-15 16:29:17,988 INFO  [main] com.blade.mvc.route.Routers | Add Route => POST	/admin/backup
[tale] 2017-03-15 16:29:17,988 INFO  [main] com.blade.mvc.route.Routers | Add Route => GET	/admin/setting
[tale] 2017-03-15 16:29:17,993 INFO  [main] com.blade.mvc.route.Routers | Add Route => POST	/admin/setting
[tale] 2017-03-15 16:29:17,993 INFO  [main] com.blade.mvc.route.Routers | Add Route => POST	/admin/profile
[tale] 2017-03-15 16:29:17,994 INFO  [main] com.blade.mvc.route.Routers | Add Route => POST	/admin/password
[tale] 2017-03-15 16:29:17,994 INFO  [main] com.blade.mvc.route.Routers | Add Route => GET	/admin/advanced
[tale] 2017-03-15 16:29:18,012 INFO  [main] com.blade.mvc.route.Routers | Add Route => POST	/admin/advanced
[tale] 2017-03-15 16:29:18,015 INFO  [main] com.blade.mvc.route.Routers | Add Route => GET	/admin/comments
[tale] 2017-03-15 16:29:18,016 INFO  [main] com.blade.mvc.route.Routers | Add Route => POST	/admin/comments/delete
[tale] 2017-03-15 16:29:18,016 INFO  [main] com.blade.mvc.route.Routers | Add Route => POST	/admin/comments/status
[tale] 2017-03-15 16:29:18,017 INFO  [main] com.blade.mvc.route.Routers | Add Route => POST	/admin/comments
[tale] 2017-03-15 16:29:18,017 INFO  [main] com.blade.mvc.route.Routers | Add Route => GET	/install
[tale] 2017-03-15 16:29:18,018 INFO  [main] com.blade.mvc.route.Routers | Add Route => POST	/install/conn_test
[tale] 2017-03-15 16:29:18,018 INFO  [main] com.blade.mvc.route.Routers | Add Route => POST	/install
[tale] 2017-03-15 16:29:18,019 INFO  [main] com.blade.mvc.route.Routers | Add Route => GET	/page/:p
[tale] 2017-03-15 16:29:18,021 INFO  [main] com.blade.mvc.route.Routers | Add Route => GET	/
[tale] 2017-03-15 16:29:18,021 INFO  [main] com.blade.mvc.route.Routers | Add Route => GET	/search/:keyword
[tale] 2017-03-15 16:29:18,022 INFO  [main] com.blade.mvc.route.Routers | Add Route => GET	/search/:keyword/:page
[tale] 2017-03-15 16:29:18,024 INFO  [main] com.blade.mvc.route.Routers | Add Route => POST	/comment
[tale] 2017-03-15 16:29:18,025 INFO  [main] com.blade.mvc.route.Routers | Add Route => GET	/article/:cid
[tale] 2017-03-15 16:29:18,025 INFO  [main] com.blade.mvc.route.Routers | Add Route => ALL	/logout
[tale] 2017-03-15 16:29:18,025 INFO  [main] com.blade.mvc.route.Routers | Add Route => GET	/:pagename
[tale] 2017-03-15 16:29:18,026 INFO  [main] com.blade.mvc.route.Routers | Add Route => GET	/category/:keyword
[tale] 2017-03-15 16:29:18,027 INFO  [main] com.blade.mvc.route.Routers | Add Route => GET	/category/:keyword/:page
[tale] 2017-03-15 16:29:18,027 INFO  [main] com.blade.mvc.route.Routers | Add Route => GET	/archives
[tale] 2017-03-15 16:29:18,027 INFO  [main] com.blade.mvc.route.Routers | Add Route => GET	/feed
[tale] 2017-03-15 16:29:18,027 INFO  [main] com.blade.mvc.route.Routers | Add Route => GET	/feed.xml
[tale] 2017-03-15 16:29:18,028 INFO  [main] com.blade.mvc.route.Routers | Add Route => GET	/links
[tale] 2017-03-15 16:29:18,028 INFO  [main] com.blade.mvc.route.Routers | Add Route => GET	/tag/:name
[tale] 2017-03-15 16:29:18,028 INFO  [main] com.blade.mvc.route.Routers | Add Route => GET	/tag/:name/:page
[tale] 2017-03-15 16:29:18,030 INFO  [main] com.blade.mvc.route.Routers | Add Route => GET	/admin/category
[tale] 2017-03-15 16:29:18,030 INFO  [main] com.blade.mvc.route.Routers | Add Route => ALL	/admin/category/delete
[tale] 2017-03-15 16:29:18,031 INFO  [main] com.blade.mvc.route.Routers | Add Route => POST	/admin/category/save
[tale] 2017-03-15 16:29:18,031 INFO  [main] com.blade.mvc.route.Routers | Add Route => GET	/admin/page
[tale] 2017-03-15 16:29:18,032 INFO  [main] com.blade.mvc.route.Routers | Add Route => ALL	/admin/page/delete
[tale] 2017-03-15 16:29:18,032 INFO  [main] com.blade.mvc.route.Routers | Add Route => POST	/admin/page/modify
[tale] 2017-03-15 16:29:18,033 INFO  [main] com.blade.mvc.route.Routers | Add Route => GET	/admin/page/new
[tale] 2017-03-15 16:29:18,033 INFO  [main] com.blade.mvc.route.Routers | Add Route => GET	/admin/page/:cid
[tale] 2017-03-15 16:29:18,034 INFO  [main] com.blade.mvc.route.Routers | Add Route => POST	/admin/page/publish
[tale] 2017-03-15 16:29:18,035 INFO  [main] com.blade.mvc.route.Routers | Add Route => GET	/admin/links
[tale] 2017-03-15 16:29:18,036 INFO  [main] com.blade.mvc.route.Routers | Add Route => ALL	/admin/links/delete
[tale] 2017-03-15 16:29:18,036 INFO  [main] com.blade.mvc.route.Routers | Add Route => POST	/admin/links/save
[tale] 2017-03-15 16:29:18,086 INFO  [main] com.blade.mvc.route.Routers | Add Interceptor: BEFORE	/.*
[tale] 2017-03-15 16:29:18,087 INFO  [main] com.blade.mvc.route.Routers | Add Interceptor: AFTER	/.*
[tale] 2017-03-15 16:29:18,116 WARN  [main] com.blade.ioc.Ioc | Duplicated Bean: com.tale.init.WebContext
[tale] 2017-03-15 16:29:18,287 INFO  [main] com.blade.ioc.IocApplication | Add Object: [com.tale.controller.admin.AuthController@6392827e, com.tale.controller.admin.AttachController@2ed2d9cb, com.tale.controller.IndexController@d5b810e, com.tale.service.impl.AttachServiceImpl@43dac38f, com.tale.controller.admin.IndexController@342c38f8, com.tale.controller.admin.CommentController@c88a337, com.tale.interceptor.BaseInterceptor@5d0a1059, com.tale.service.impl.UsersServiceImpl@485966cc, com.tale.init.WebContext@1de76cc7, com.tale.controller.admin.LinksController@54bff557, com.tale.service.impl.SiteServiceImpl@593aaf41, com.tale.init.WebContext@5a56cdac, com.tale.service.impl.ContentsServiceImpl@7c711375, com.tale.service.impl.SiteServiceImpl@593aaf41, com.tale.service.impl.OptionsServiceImpl@57cf54e1, com.blade.jdbc.ar.SampleActiveRecord@5b03b9fe, com.tale.service.impl.AttachServiceImpl@43dac38f, com.tale.service.impl.UsersServiceImpl@485966cc, com.tale.controller.admin.CategoryController@37d4349f, com.tale.service.impl.CommentsServiceImpl@434a63ab, com.tale.service.impl.CommentsServiceImpl@434a63ab, com.tale.controller.admin.PageController@6e0f5f7f, com.tale.service.impl.MetasServiceImpl@2805d709, com.tale.controller.InstallController@3ee37e5a, com.tale.interceptor.BaseInterceptor@5d0a1059, com.tale.service.impl.ContentsServiceImpl@7c711375, com.tale.service.impl.MetasServiceImpl@2805d709, com.tale.service.impl.LogServiceImpl@2ea41516, com.tale.service.impl.OptionsServiceImpl@57cf54e1, com.tale.controller.admin.ArticleController@3a44431a, com.tale.service.impl.LogServiceImpl@2ea41516, com.tale.init.WebContext@5a56cdac, com.blade.jdbc.ar.SampleActiveRecord@5b03b9fe]
[tale] 2017-03-15 16:29:18,315 INFO  [main] com.blade.mvc.context.BladeInitListener | blade.isDev	=> false
[tale] 2017-03-15 16:29:18,318 INFO  [main] com.blade.mvc.context.BladeInitListener | Tale (塌了) initialize successfully, Time elapsed: 556 ms.
[tale] 2017-03-15 16:29:18,445 INFO  [main] jetbrick.template.JetEngineImpl | JetEngine.version = 2.1.2
[tale] 2017-03-15 16:29:18,446 INFO  [main] jetbrick.template.JetEngineImpl | JetEngine.loader = jetbrick.template.loader.ClasspathResourceLoader, root = /templates/, reload = true
[tale] 2017-03-15 16:29:18,468 INFO  [main] jetbrick.template.resolver.clazz.ClassResolver | import package: java.lang.*
[tale] 2017-03-15 16:29:18,468 INFO  [main] jetbrick.template.resolver.clazz.ClassResolver | import package: java.util.*
[tale] 2017-03-15 16:29:18,473 INFO  [main] jetbrick.template.resolver.method.MethodInvokerResolver | import 29 methods from class jetbrick.template.runtime.buildin.JetMethods
[tale] 2017-03-15 16:29:18,476 INFO  [main] jetbrick.template.resolver.function.FunctionInvokerResolver | import 11 functions from class jetbrick.template.runtime.buildin.JetFunctions
[tale] 2017-03-15 16:29:18,483 INFO  [main] jetbrick.template.resolver.tag.TagInvokerResolver | import 2 tags from class jetbrick.template.runtime.buildin.JetTags
[tale] 2017-03-15 16:29:18,542 INFO  [main] jetbrick.template.JetTemplateImpl | Loading template: /comm/macros.html
[tale] 2017-03-15 16:29:18,769 INFO  [main] jetbrick.template.resolver.function.FunctionInvokerResolver | import 18 functions from class com.tale.ext.Commons
[tale] 2017-03-15 16:29:18,771 INFO  [main] jetbrick.template.resolver.function.FunctionInvokerResolver | import 41 functions from class com.tale.ext.Theme
[tale] 2017-03-15 16:29:18,773 INFO  [main] jetbrick.template.resolver.function.FunctionInvokerResolver | import 2 functions from class com.tale.ext.AdminCommons
[tale] 2017-03-15 16:29:18,774 INFO  [main] jetbrick.template.resolver.tag.TagInvokerResolver | import 1 tags from class com.tale.ext.JetTag
[tale] 2017-03-15 16:29:22,045 INFO  [main] com.alibaba.druid.pool.DruidDataSource | {dataSource-1} inited
[tale] 2017-03-15 16:29:22,090 DEBUG [main] org.sql2o.Query | Executing query:
select description,name,value from t_options order by name desc
[tale] 2017-03-15 16:29:22,178 DEBUG [main] org.sql2o.Query | total: 88 ms, execution: 72 ms, reading and parsing: 16 ms; executed [null]
[tale] 2017-03-15 16:29:22,214 INFO  [main] com.blade.mvc.dispatch.AbsDispatcherServlet | init worker thread pool.
[tale] 2017-03-15 16:29:22,215 INFO  [main] org.eclipse.jetty.server.handler.ContextHandler | Started o.e.j.w.WebAppContext@62fad19{/,file:///G:/git/tale/target/classes/,AVAILABLE}
[tale] 2017-03-15 16:29:22,264 INFO  [main] org.eclipse.jetty.server.AbstractConnector | Started ServerConnector@3276732{HTTP/1.1,[http/1.1]}{127.0.0.1:8080}
[tale] 2017-03-15 16:29:22,264 INFO  [main] org.eclipse.jetty.server.Server | Started @7125ms
[tale] 2017-03-15 16:29:22,264 INFO  [main] com.blade.embedd.EmbedJettyServer | Blade Server Listen on 127.0.0.1:8080
